[2023-05-20T17:43:32.323] [WARN] warn - No user found!
[2023-05-20T17:45:25.704] [WARN] warn - No user found!
[2023-05-20T17:46:45.316] [WARN] warn - No user found!
[2023-05-20T17:46:59.663] [WARN] warn - Incorrect password!
[2023-05-20T18:16:50.356] [WARN] warn - No user found!
[2023-05-20T18:22:56.806] [WARN] warn - No user found!
[2023-05-26T12:52:20.516] [WARN] warn - Ruta GET /favicon.ico inexistentes
[2023-05-26T13:28:35.316] [WARN] warn - Ruta GET /favicon.ico inexistentes
[2023-05-26T15:23:05.632] [WARN] warn - Ruta GET /favicon.ico inexistentes
[2023-05-26T15:23:56.871] [WARN] warn - Ruta GET /favicon.ico inexistentes
[2023-05-26T15:24:09.211] [WARN] warn - Ruta GET /favicon.ico inexistentes
[2023-05-26T15:24:40.952] [WARN] warn - Ruta GET /favicon.ico inexistentes
[2023-05-26T15:27:55.049] [WARN] warn - Ruta GET /favicon.ico inexistentes
[2023-05-26T15:28:31.860] [WARN] warn - Ruta GET /favicon.ico inexistentes
[2023-05-26T17:34:27.193] [WARN] warn - Ruta GET /favicon.ico inexistentes
[2023-05-26T17:34:32.912] [WARN] warn - Ruta GET /favicon.ico inexistentes
[2023-05-26T17:35:51.564] [WARN] warn - Ruta GET /favicon.ico inexistentes
[2023-05-26T17:36:02.294] [WARN] warn - Ruta GET /favicon.ico inexistentes
[2023-05-26T17:36:13.471] [WARN] warn - Ruta GET /favicon.ico inexistentes
[2023-05-26T17:38:39.185] [WARN] warn - Ruta GET /favicon.ico inexistentes
[2023-05-26T17:38:39.583] [WARN] warn - Ruta GET /favicon.ico inexistentes
[2023-05-26T17:38:39.903] [WARN] warn - Ruta GET /favicon.ico inexistentes
[2023-05-26T17:38:57.588] [WARN] warn - Ruta GET /favicon.ico inexistentes
[2023-05-26T17:39:33.006] [WARN] warn - Ruta GET /favicon.ico inexistentes
[2023-05-26T17:44:14.733] [WARN] warn - Ruta GET /favicon.ico inexistentes
[2023-05-26T17:44:15.524] [WARN] warn - Ruta GET /favicon.ico inexistentes
[2023-05-26T17:44:15.949] [WARN] warn - Ruta GET /favicon.ico inexistentes
[2023-05-26T17:44:16.173] [WARN] warn - Ruta GET /favicon.ico inexistentes
[2023-05-26T17:44:30.648] [WARN] warn - Ruta GET /favicon.ico inexistentes
[2023-05-26T17:44:39.521] [WARN] warn - Ruta GET /favicon.ico inexistentes
[2023-05-26T17:44:44.968] [WARN] warn - Ruta GET /favicon.ico inexistentes
[2023-05-26T17:44:54.266] [WARN] warn - Ruta GET /favicon.ico inexistentes
[2023-05-26T17:47:29.065] [WARN] warn - Ruta GET /favicon.ico inexistentes
[2023-05-26T17:47:36.277] [WARN] warn - Ruta GET /favicon.ico inexistentes
[2023-05-26T17:51:28.361] [WARN] warn - Ruta GET /favicon.ico inexistentes
[2023-05-26T17:51:34.416] [WARN] warn - Ruta GET /favicon.ico inexistentes
[2023-05-26T17:52:10.393] [WARN] warn - Ruta GET /favicon.ico inexistentes
[2023-05-26T17:52:14.786] [WARN] warn - No user found!
[2023-05-26T17:52:14.894] [WARN] warn - Ruta GET /favicon.ico inexistentes
[2023-05-26T17:52:21.066] [WARN] warn - Ruta GET /favicon.ico inexistentes
[2023-05-26T17:54:33.103] [WARN] warn - Ruta GET /favicon.ico inexistentes
[2023-05-26T17:54:43.196] [WARN] warn - Ruta GET /favicon.ico inexistentes
[2023-05-26T17:54:50.968] [WARN] warn - Ruta GET /favicon.ico inexistentes
[2023-05-26T17:59:08.462] [WARN] warn - Ruta GET /favicon.ico inexistentes
[2023-05-26T17:59:13.865] [WARN] warn - Ruta GET /favicon.ico inexistentes
[2023-05-26T17:59:25.991] [WARN] warn - Ruta GET /favicon.ico inexistentes
[2023-05-26T17:59:41.600] [WARN] warn - Ruta GET /favicon.ico inexistentes
[2023-05-26T17:59:50.550] [WARN] warn - Ruta GET /favicon.ico inexistentes
[2023-05-26T18:01:43.511] [WARN] warn - Ruta GET /favicon.ico inexistentes
[2023-05-26T18:01:49.322] [WARN] warn - No user found!
[2023-05-26T18:01:49.443] [WARN] warn - Ruta GET /favicon.ico inexistentes
[2023-05-26T18:02:01.735] [WARN] warn - Ruta GET /favicon.ico inexistentes
[2023-05-26T18:07:36.425] [WARN] warn - Ruta GET /favicon.ico inexistentes
[2023-05-26T18:07:41.711] [WARN] warn - Ruta GET /favicon.ico inexistentes
[2023-05-26T18:10:12.763] [WARN] warn - Ruta GET /favicon.ico inexistentes
[2023-05-26T18:10:17.685] [WARN] warn - Ruta GET /favicon.ico inexistentes
[2023-05-26T18:17:43.648] [WARN] warn - Ruta GET /favicon.ico inexistentes
[2023-05-26T18:17:49.402] [WARN] warn - Ruta GET /favicon.ico inexistentes
[2023-05-26T18:17:54.452] [WARN] warn - Ruta GET /favicon.ico inexistentes
[2023-05-26T19:06:23.849] [WARN] warn - Ruta GET /favicon.ico inexistentes
[2023-05-26T19:06:30.271] [WARN] warn - Ruta GET /favicon.ico inexistentes
[2023-05-26T19:12:05.837] [WARN] warn - Ruta GET /favicon.ico inexistentes
[2023-05-26T19:12:16.011] [WARN] warn - Ruta GET /favicon.ico inexistentes
[2023-05-26T19:13:03.318] [WARN] warn - Ruta GET /favicon.ico inexistentes
[2023-05-26T19:13:10.403] [WARN] warn - Ruta GET /favicon.ico inexistentes
[2023-05-26T19:13:15.805] [WARN] warn - Ruta GET /favicon.ico inexistentes
[2023-05-26T19:13:24.708] [WARN] warn - Ruta GET /favicon.ico inexistentes
[2023-05-26T19:13:39.038] [WARN] warn - Ruta GET /favicon.ico inexistentes
[2023-05-26T19:18:56.837] [WARN] warn - Ruta GET /favicon.ico inexistentes
[2023-05-26T19:20:19.254] [WARN] warn - Ruta GET /favicon.ico inexistentes
[2023-05-26T19:21:25.878] [WARN] warn - Ruta GET /favicon.ico inexistentes
[2023-05-26T19:21:31.609] [WARN] warn - Ruta GET /favicon.ico inexistentes
[2023-05-26T19:22:28.244] [WARN] warn - Ruta GET /favicon.ico inexistentes
[2023-05-26T19:22:32.965] [WARN] warn - Ruta GET /favicon.ico inexistentes
[2023-05-26T19:23:03.161] [WARN] warn - Ruta GET /favicon.ico inexistentes
[2023-05-26T19:23:08.225] [WARN] warn - Ruta GET /favicon.ico inexistentes
[2023-05-26T19:25:06.715] [WARN] warn - Ruta GET /favicon.ico inexistentes
[2023-05-26T19:25:10.196] [WARN] warn - Ruta GET /favicon.ico inexistentes
[2023-05-26T19:25:20.327] [WARN] warn - Ruta GET /favicon.ico inexistentes
[2023-05-26T19:38:55.258] [WARN] warn - Ruta GET /favicon.ico inexistentes
[2023-05-26T19:39:01.517] [WARN] warn - Ruta GET /favicon.ico inexistentes
[2023-05-26T20:21:48.894] [WARN] warn - Ruta GET /favicon.ico inexistentes
[2023-05-26T20:21:54.778] [WARN] warn - Ruta GET /favicon.ico inexistentes
[2023-05-26T20:22:01.679] [WARN] warn - Ruta GET /favicon.ico inexistentes
[2023-05-26T20:27:14.125] [WARN] warn - Ruta GET /favicon.ico inexistentes
[2023-05-26T20:27:21.006] [WARN] warn - Ruta GET /favicon.ico inexistentes
[2023-05-26T20:29:05.609] [WARN] warn - Ruta GET /favicon.ico inexistentes
[2023-05-26T20:29:11.754] [WARN] warn - Ruta GET /favicon.ico inexistentes
[2023-05-26T20:29:41.681] [WARN] warn - Ruta GET /favicon.ico inexistentes
[2023-05-26T20:29:47.974] [WARN] warn - Ruta GET /favicon.ico inexistentes
[2023-05-26T20:30:38.373] [WARN] warn - Ruta GET /favicon.ico inexistentes
[2023-05-26T20:30:45.283] [WARN] warn - Ruta GET /favicon.ico inexistentes
[2023-05-26T20:30:50.994] [WARN] warn - Ruta GET /favicon.ico inexistentes
[2023-05-26T20:37:35.958] [WARN] warn - Ruta GET /favicon.ico inexistentes
[2023-05-26T20:37:42.508] [WARN] warn - Ruta GET /favicon.ico inexistentes
[2023-05-26T20:38:52.349] [WARN] warn - Ruta GET /favicon.ico inexistentes
[2023-05-26T20:38:59.235] [WARN] warn - Ruta GET /favicon.ico inexistentes
[2023-05-26T20:46:43.423] [WARN] warn - Ruta GET /favicon.ico inexistentes
[2023-05-26T20:49:44.578] [WARN] warn - Ruta GET /favicon.ico inexistentes
[2023-05-26T20:49:50.503] [WARN] warn - Ruta GET /favicon.ico inexistentes
[2023-05-26T20:49:56.829] [WARN] warn - Ruta GET /favicon.ico inexistentes
[2023-05-26T20:58:47.226] [WARN] warn - Ruta GET /favicon.ico inexistentes
[2023-05-26T20:58:55.273] [WARN] warn - Ruta GET /favicon.ico inexistentes
[2023-05-26T21:00:12.184] [WARN] warn - Ruta GET /favicon.ico inexistentes
[2023-05-26T21:00:18.898] [WARN] warn - Ruta GET /favicon.ico inexistentes
[2023-05-26T21:01:19.648] [WARN] warn - Ruta GET /favicon.ico inexistentes
[2023-05-26T21:01:25.961] [WARN] warn - Ruta GET /favicon.ico inexistentes
[2023-05-26T21:11:19.870] [WARN] warn - Ruta GET /favicon.ico inexistentes
[2023-05-26T21:11:23.669] [WARN] warn - Ruta GET /favicon.ico inexistentes
[2023-05-26T21:11:32.382] [WARN] warn - Ruta GET /favicon.ico inexistentes
[2023-05-26T21:11:36.422] [WARN] warn - Ruta GET /favicon.ico inexistentes
[2023-05-26T21:12:21.515] [WARN] warn - Ruta GET /favicon.ico inexistentes
[2023-05-26T21:12:28.210] [WARN] warn - Ruta GET /favicon.ico inexistentes
[2023-05-26T21:12:45.882] [WARN] warn - Ruta GET /favicon.ico inexistentes
[2023-05-26T21:13:03.446] [WARN] warn - Ruta GET /favicon.ico inexistentes
[2023-05-26T21:13:16.973] [WARN] warn - Ruta GET /favicon.ico inexistentes
[2023-05-26T21:13:21.206] [WARN] warn - Ruta GET /favicon.ico inexistentes
[2023-05-26T21:16:18.907] [WARN] warn - Ruta GET /favicon.ico inexistentes
[2023-05-26T21:16:28.045] [WARN] warn - Ruta GET /favicon.ico inexistentes
[2023-05-26T21:16:32.204] [WARN] warn - Ruta GET /favicon.ico inexistentes
[2023-05-26T21:16:48.585] [WARN] warn - Ruta GET /favicon.ico inexistentes
[2023-05-26T21:17:55.484] [WARN] warn - Ruta GET /favicon.ico inexistentes
[2023-05-26T21:18:02.172] [WARN] warn - Ruta GET /favicon.ico inexistentes
[2023-05-26T21:21:53.781] [WARN] warn - Ruta GET /favicon.ico inexistentes
[2023-05-26T21:23:48.119] [WARN] warn - Ruta GET /favicon.ico inexistentes
[2023-05-26T21:24:07.318] [WARN] warn - Ruta GET /favicon.ico inexistentes
[2023-05-26T21:24:52.415] [WARN] warn - Ruta GET /favicon.ico inexistentes
[2023-05-26T21:25:17.061] [WARN] warn - Ruta GET /favicon.ico inexistentes
[2023-05-26T21:25:24.206] [WARN] warn - Ruta GET /favicon.ico inexistentes
[2023-05-26T21:25:31.721] [WARN] warn - Ruta GET /favicon.ico inexistentes
[2023-05-26T21:25:35.979] [WARN] warn - Ruta GET /favicon.ico inexistentes
[2023-05-26T21:26:45.573] [WARN] warn - Ruta GET /favicon.ico inexistentes
[2023-05-26T21:32:24.706] [WARN] warn - Ruta GET /favicon.ico inexistentes
[2023-05-26T21:32:33.728] [WARN] warn - Ruta GET /favicon.ico inexistentes
[2023-05-26T21:32:40.329] [WARN] warn - Ruta GET /favicon.ico inexistentes
[2023-05-26T21:36:16.037] [WARN] warn - Ruta GET /favicon.ico inexistentes
[2023-05-26T21:36:20.059] [WARN] warn - Ruta GET /favicon.ico inexistentes
[2023-05-26T21:36:40.904] [WARN] warn - Ruta GET /favicon.ico inexistentes
[2023-05-26T21:36:51.747] [WARN] warn - Ruta GET /favicon.ico inexistentes
[2023-05-26T21:37:09.007] [WARN] warn - Ruta GET /favicon.ico inexistentes
[2023-05-26T21:37:16.675] [WARN] warn - Ruta GET /favicon.ico inexistentes
[2023-05-26T22:50:27.605] [WARN] warn - Ruta GET /favicon.ico inexistentes
[2023-05-26T22:50:31.654] [WARN] warn - Ruta GET /favicon.ico inexistentes
[2023-05-26T22:51:11.117] [WARN] warn - The email already exists!
[2023-05-26T22:51:11.241] [WARN] warn - Ruta GET /favicon.ico inexistentes
[2023-05-26T22:51:53.073] [WARN] warn - Ruta GET /favicon.ico inexistentes
[2023-05-26T22:52:06.894] [WARN] warn - Ruta GET /favicon.ico inexistentes
[2023-05-26T22:59:49.994] [WARN] warn - Ruta GET /favicon.ico inexistentes
[2023-05-27T11:36:19.152] [WARN] warn - Ruta GET /favicon.ico inexistentes
[2023-05-27T11:37:51.457] [WARN] warn - Ruta GET /favicon.ico inexistentes
[2023-05-27T11:38:26.706] [WARN] warn - Ruta GET /favicon.ico inexistentes
[2023-05-27T11:38:30.756] [WARN] warn - Ruta GET /favicon.ico inexistentes
[2023-05-27T11:38:37.147] [WARN] warn - Ruta GET /favicon.ico inexistentes
[2023-05-27T11:38:41.235] [WARN] warn - Ruta GET /favicon.ico inexistentes
[2023-05-27T11:38:49.012] [WARN] warn - Ruta GET /favicon.ico inexistentes
[2023-05-27T11:40:58.192] [WARN] warn - Ruta GET /favicon.ico inexistentes
[2023-05-27T11:41:11.936] [WARN] warn - Ruta GET /favicon.ico inexistentes
[2023-05-27T11:41:42.989] [WARN] warn - Ruta GET /favicon.ico inexistentes
[2023-05-27T11:42:06.622] [WARN] warn - Ruta GET /favicon.ico inexistentes
[2023-05-27T11:43:00.593] [WARN] warn - Ruta GET /favicon.ico inexistentes
[2023-05-27T11:43:32.383] [WARN] warn - Ruta GET /favicon.ico inexistentes
[2023-05-27T11:57:11.030] [WARN] warn - Ruta GET /favicon.ico inexistentes
[2023-05-27T11:57:12.172] [WARN] warn - Ruta GET /favicon.ico inexistentes
[2023-05-27T11:58:11.041] [WARN] warn - Ruta GET /favicon.ico inexistentes
[2023-05-27T12:02:28.425] [WARN] warn - Ruta GET /favicon.ico inexistentes
[2023-05-27T12:04:10.736] [WARN] warn - Ruta GET /favicon.ico inexistentes
[2023-05-27T12:05:21.536] [WARN] warn - Ruta GET /favicon.ico inexistentes
[2023-05-27T12:15:10.868] [WARN] warn - Ruta GET /favicon.ico inexistentes
[2023-05-27T12:15:22.559] [WARN] warn - Ruta GET /favicon.ico inexistentes
[2023-05-27T12:15:27.381] [WARN] warn - Ruta GET /favicon.ico inexistentes
[2023-05-27T12:15:36.583] [WARN] warn - Ruta GET /favicon.ico inexistentes
[2023-05-27T12:16:52.537] [WARN] warn - Ruta GET /favicon.ico inexistentes
[2023-05-27T12:17:47.348] [WARN] warn - Ruta GET /favicon.ico inexistentes
[2023-05-27T12:18:21.515] [WARN] warn - Ruta GET /favicon.ico inexistentes
[2023-05-27T12:21:06.825] [WARN] warn - Ruta GET /favicon.ico inexistentes
[2023-05-27T12:21:08.071] [WARN] warn - Ruta GET /favicon.ico inexistentes
[2023-05-27T12:21:59.744] [WARN] warn - Ruta GET /favicon.ico inexistentes
[2023-05-27T12:22:15.369] [WARN] warn - Ruta GET /favicon.ico inexistentes
[2023-05-27T12:22:30.706] [WARN] warn - Ruta GET /favicon.ico inexistentes
[2023-05-27T12:36:56.867] [WARN] warn - Ruta GET /favicon.ico inexistentes
[2023-05-27T12:36:58.293] [WARN] warn - Ruta GET /favicon.ico inexistentes
[2023-05-27T12:36:59.391] [WARN] warn - Ruta GET /favicon.ico inexistentes
[2023-05-27T12:37:51.706] [WARN] warn - Ruta GET /favicon.ico inexistentes
[2023-05-27T12:38:03.351] [WARN] warn - Ruta GET /favicon.ico inexistentes
[2023-05-27T12:40:15.618] [WARN] warn - Ruta GET /favicon.ico inexistentes
[2023-05-27T12:40:18.181] [WARN] warn - Ruta GET /favicon.ico inexistentes
[2023-05-27T12:41:01.934] [WARN] warn - The email already exists!
[2023-05-27T12:41:02.001] [WARN] warn - Ruta GET /favicon.ico inexistentes
[2023-05-27T12:41:21.733] [WARN] warn - Ruta GET /favicon.ico inexistentes
[2023-05-27T12:41:34.048] [WARN] warn - No user found!
[2023-05-27T12:41:34.108] [WARN] warn - Ruta GET /favicon.ico inexistentes
[2023-05-27T12:47:19.607] [WARN] warn - Ruta GET /favicon.ico inexistentes
[2023-05-27T12:47:21.252] [WARN] warn - Ruta GET /favicon.ico inexistentes
[2023-05-27T12:47:50.754] [WARN] warn - The email already exists!
[2023-05-27T12:47:50.828] [WARN] warn - Ruta GET /favicon.ico inexistentes
[2023-05-27T12:48:36.181] [WARN] warn - Passwords Dont Match!
[2023-05-27T12:48:36.255] [WARN] warn - Ruta GET /favicon.ico inexistentes
[2023-05-27T12:49:55.018] [WARN] warn - Passwords Dont Match!
[2023-05-27T12:49:55.083] [WARN] warn - Ruta GET /favicon.ico inexistentes
[2023-05-27T12:50:30.011] [WARN] warn - Passwords Dont Match!
[2023-05-27T12:50:30.073] [WARN] warn - Ruta GET /favicon.ico inexistentes
[2023-05-27T12:50:56.687] [WARN] warn - Passwords Dont Match!
[2023-05-27T12:50:56.750] [WARN] warn - Ruta GET /favicon.ico inexistentes
[2023-05-27T12:53:52.935] [WARN] warn - Passwords Dont Match!
[2023-05-27T12:53:53.005] [WARN] warn - Ruta GET /favicon.ico inexistentes
[2023-05-27T12:53:56.208] [WARN] warn - Ruta GET /favicon.ico inexistentes
[2023-05-27T12:54:32.758] [WARN] warn - Passwords Dont Match!
[2023-05-27T12:54:32.826] [WARN] warn - Ruta GET /favicon.ico inexistentes
[2023-05-27T12:56:03.731] [WARN] warn - Ruta GET /favicon.ico inexistentes
[2023-05-27T12:56:05.190] [WARN] warn - Ruta GET /favicon.ico inexistentes
[2023-05-27T12:56:09.175] [WARN] warn - Incorrect password!
[2023-05-27T12:56:09.241] [WARN] warn - Ruta GET /favicon.ico inexistentes
[2023-05-27T12:56:13.478] [WARN] warn - Ruta GET /favicon.ico inexistentes
[2023-05-27T12:56:15.196] [WARN] warn - Ruta GET /favicon.ico inexistentes
[2023-05-27T12:56:16.222] [WARN] warn - Ruta GET /favicon.ico inexistentes
[2023-05-27T12:56:48.199] [WARN] warn - Passwords Dont Match!
[2023-05-27T12:56:48.269] [WARN] warn - Ruta GET /favicon.ico inexistentes
[2023-05-27T12:57:13.061] [WARN] warn - Ruta GET /favicon.ico inexistentes
[2023-05-27T12:57:16.425] [WARN] warn - Ruta GET /favicon.ico inexistentes
[2023-05-27T12:57:36.896] [WARN] warn - The email already exists!
[2023-05-27T12:57:36.967] [WARN] warn - Ruta GET /favicon.ico inexistentes
[2023-05-27T13:01:26.808] [WARN] warn - Passwords Dont Match!
[2023-05-27T13:01:26.914] [WARN] warn - Ruta GET /favicon.ico inexistentes
[2023-05-27T13:01:31.145] [WARN] warn - Ruta GET /favicon.ico inexistentes
[2023-05-27T13:02:01.318] [WARN] warn - Passwords Dont Match!
[2023-05-27T13:02:01.385] [WARN] warn - Ruta GET /favicon.ico inexistentes
[2023-05-27T13:04:19.949] [WARN] warn - Ruta GET /favicon.ico inexistentes
[2023-05-27T13:04:48.269] [WARN] warn - Ruta GET /favicon.ico inexistentes
[2023-05-27T13:04:55.815] [WARN] warn - Ruta GET /favicon.ico inexistentes
[2023-05-27T13:05:15.846] [WARN] warn - Ruta GET /favicon.ico inexistentes
[2023-05-27T13:05:17.367] [WARN] warn - Ruta GET /favicon.ico inexistentes
[2023-05-27T13:05:40.655] [WARN] warn - Passwords Dont Match!
[2023-05-27T13:05:40.726] [WARN] warn - Ruta GET /favicon.ico inexistentes
[2023-05-27T17:59:25.154] [WARN] warn - Ruta GET /profile inexistentes
[2023-05-27T17:59:25.162] [WARN] warn - Ruta GET /profile inexistentes
[2023-05-27T17:59:33.426] [WARN] warn - Ruta GET /profile inexistentes
[2023-05-27T17:59:33.583] [WARN] warn - Ruta GET /favicon.ico inexistentes
[2023-05-27T17:59:34.625] [WARN] warn - Ruta GET /profile inexistentes
[2023-05-27T17:59:44.085] [WARN] warn - Ruta GET /profile inexistentes
[2023-05-27T18:14:04.727] [WARN] warn - Ruta GET /profile inexistentes
[2023-05-27T18:14:04.766] [WARN] warn - Ruta GET /favicon.ico inexistentes
[2023-05-27T18:14:16.996] [WARN] warn - Ruta GET /profile inexistentes
[2023-05-27T18:15:55.014] [WARN] warn - Ruta GET /profile inexistentes
[2023-05-27T18:15:56.290] [WARN] warn - Ruta GET /profile inexistentes
[2023-05-27T18:16:02.875] [WARN] warn - No user found!
[2023-05-27T18:16:02.944] [WARN] warn - Ruta GET /profile inexistentes
[2023-05-27T18:16:11.535] [WARN] warn - Ruta GET /profile inexistentes
[2023-05-27T18:19:05.229] [WARN] warn - Ruta GET /profile inexistentes
[2023-05-27T18:19:06.683] [WARN] warn - Ruta GET /profile inexistentes
[2023-05-27T18:19:14.226] [WARN] warn - Ruta GET /profile inexistentes
[2023-05-27T18:19:22.306] [WARN] warn - Ruta GET /profile inexistentes
[2023-05-27T18:19:29.166] [WARN] warn - Ruta GET /profile inexistentes
[2023-05-27T18:19:43.391] [WARN] warn - Ruta GET /profile inexistentes
[2023-05-27T18:37:17.829] [WARN] warn - Ruta GET /profile inexistentes
[2023-05-27T18:37:18.529] [WARN] warn - Ruta GET /favicon.ico inexistentes
[2023-05-27T18:39:09.152] [WARN] warn - Ruta GET /profile inexistentes
[2023-05-27T18:39:09.384] [WARN] warn - Ruta GET /profile inexistentes
[2023-05-27T18:39:10.410] [WARN] warn - Ruta GET /product inexistentes
[2023-05-27T18:39:10.455] [WARN] warn - Ruta GET /product inexistentes
[2023-05-27T18:39:10.476] [WARN] warn - Ruta GET /favicon.ico inexistentes
[2023-05-27T18:39:14.283] [WARN] warn - Ruta GET /favicon.ico inexistentes
[2023-05-27T18:39:17.417] [WARN] warn - Ruta GET /profile inexistentes
[2023-05-27T18:39:18.364] [WARN] warn - Ruta GET /favicon.ico inexistentes
[2023-05-27T18:40:00.048] [WARN] warn - Ruta GET /profile inexistentes
[2023-05-27T18:40:00.108] [WARN] warn - Ruta GET /favicon.ico inexistentes
[2023-05-27T18:40:02.774] [WARN] warn - Ruta GET /profile inexistentes
[2023-05-27T18:40:03.867] [WARN] warn - Ruta GET /favicon.ico inexistentes
[2023-05-27T18:40:08.308] [WARN] warn - Ruta GET /profile inexistentes
[2023-05-27T18:40:08.332] [WARN] warn - Ruta GET /favicon.ico inexistentes
[2023-05-27T18:40:15.894] [WARN] warn - Ruta GET /profile inexistentes
[2023-05-27T18:40:15.916] [WARN] warn - Ruta GET /favicon.ico inexistentes
[2023-05-27T18:40:18.933] [WARN] warn - Ruta GET /profile inexistentes
[2023-05-27T18:40:18.953] [WARN] warn - Ruta GET /favicon.ico inexistentes
[2023-05-27T18:40:24.224] [WARN] warn - Ruta GET /profile inexistentes
[2023-05-27T18:40:24.246] [WARN] warn - Ruta GET /favicon.ico inexistentes
[2023-05-27T18:40:44.920] [WARN] warn - Ruta GET /profile inexistentes
[2023-05-27T18:40:44.943] [WARN] warn - Ruta GET /favicon.ico inexistentes
[2023-05-27T18:41:15.409] [WARN] warn - Ruta GET /favicon.ico inexistentes
[2023-05-27T18:49:35.812] [WARN] warn - Ruta GET /favicon.ico inexistentes
[2023-05-27T18:50:00.020] [WARN] warn - Ruta GET /favicon.ico inexistentes
[2023-05-27T18:50:06.849] [WARN] warn - Ruta GET /favicon.ico inexistentes
[2023-05-27T18:50:09.641] [WARN] warn - Ruta GET /favicon.ico inexistentes
[2023-05-27T18:50:13.903] [WARN] warn - Ruta GET /favicon.ico inexistentes
[2023-05-27T18:50:17.031] [WARN] warn - Ruta GET /profile inexistentes
[2023-05-27T18:50:17.050] [WARN] warn - Ruta GET /favicon.ico inexistentes
[2023-05-27T18:50:23.921] [WARN] warn - Ruta GET /favicon.ico inexistentes
[2023-05-27T18:50:42.194] [WARN] warn - Ruta GET /favicon.ico inexistentes
[2023-05-28T10:40:17.822] [WARN] warn - Ruta GET /favicon.ico inexistentes
[2023-05-28T10:47:29.995] [WARN] warn - Ruta GET /favicon.ico inexistentes
[2023-05-28T10:48:17.108] [WARN] warn - Ruta GET /profile inexistentes
[2023-05-28T10:48:17.150] [WARN] warn - Ruta GET /favicon.ico inexistentes
[2023-05-28T10:57:00.946] [WARN] warn - Ruta GET /profile inexistentes
[2023-05-28T10:57:00.984] [WARN] warn - Ruta GET /favicon.ico inexistentes
[2023-05-28T11:04:26.254] [WARN] warn - Ruta GET /profile inexistentes
[2023-05-28T11:04:26.296] [WARN] warn - Ruta GET /favicon.ico inexistentes
[2023-05-28T11:04:30.198] [WARN] warn - Ruta GET /profile inexistentes
[2023-05-28T11:04:30.246] [WARN] warn - Ruta GET /favicon.ico inexistentes
[2023-05-28T11:04:31.266] [WARN] warn - Ruta GET /profile inexistentes
[2023-05-28T11:04:31.311] [WARN] warn - Ruta GET /favicon.ico inexistentes
[2023-05-28T11:07:59.837] [WARN] warn - Ruta GET /profile inexistentes
[2023-05-28T11:07:59.876] [WARN] warn - Ruta GET /favicon.ico inexistentes
[2023-05-28T11:08:20.612] [WARN] warn - Ruta GET /profile inexistentes
[2023-05-28T11:08:20.651] [WARN] warn - Ruta GET /favicon.ico inexistentes
[2023-05-28T11:08:24.976] [WARN] warn - Ruta GET /profile inexistentes
[2023-05-28T11:08:25.004] [WARN] warn - Ruta GET /favicon.ico inexistentes
[2023-05-28T11:08:43.741] [WARN] warn - Ruta GET /favicon.ico inexistentes
[2023-05-28T11:08:59.974] [WARN] warn - Ruta GET /favicon.ico inexistentes
[2023-05-28T11:10:35.931] [WARN] warn - Ruta GET /profile inexistentes
[2023-05-28T11:10:35.964] [WARN] warn - Ruta GET /favicon.ico inexistentes
[2023-05-28T11:10:39.417] [WARN] warn - Ruta GET /profile inexistentes
[2023-05-28T11:10:39.467] [WARN] warn - Ruta GET /favicon.ico inexistentes
[2023-05-28T11:11:17.546] [WARN] warn - Ruta GET /profile inexistentes
[2023-05-28T11:11:17.590] [WARN] warn - Ruta GET /favicon.ico inexistentes
[2023-05-28T11:11:23.299] [WARN] warn - Ruta GET /profile inexistentes
[2023-05-28T11:11:23.333] [WARN] warn - Ruta GET /favicon.ico inexistentes
[2023-05-28T11:11:27.485] [WARN] warn - Ruta GET /profile inexistentes
[2023-05-28T11:11:27.511] [WARN] warn - Ruta GET /favicon.ico inexistentes
[2023-05-28T11:11:30.706] [WARN] warn - Ruta GET /profile inexistentes
[2023-05-28T11:11:30.735] [WARN] warn - Ruta GET /favicon.ico inexistentes
[2023-05-28T11:14:18.112] [WARN] warn - Ruta GET /profile inexistentes
[2023-05-28T11:14:18.132] [WARN] warn - Ruta GET /favicon.ico inexistentes
[2023-05-28T11:16:24.302] [WARN] warn - Ruta GET /profile inexistentes
[2023-05-28T11:16:24.322] [WARN] warn - Ruta GET /favicon.ico inexistentes
[2023-05-28T11:16:48.349] [WARN] warn - Ruta GET /profile inexistentes
[2023-05-28T11:16:48.370] [WARN] warn - Ruta GET /favicon.ico inexistentes
[2023-05-28T11:18:43.596] [WARN] warn - Ruta GET /profile inexistentes
[2023-05-28T11:18:43.617] [WARN] warn - Ruta GET /favicon.ico inexistentes
[2023-05-28T11:19:06.205] [WARN] warn - Ruta GET /profile inexistentes
[2023-05-28T11:19:06.224] [WARN] warn - Ruta GET /favicon.ico inexistentes
[2023-05-28T11:19:20.673] [WARN] warn - Ruta GET /profile inexistentes
[2023-05-28T11:19:20.692] [WARN] warn - Ruta GET /favicon.ico inexistentes
[2023-05-28T11:19:33.535] [WARN] warn - Ruta GET /profile inexistentes
[2023-05-28T11:19:33.553] [WARN] warn - Ruta GET /favicon.ico inexistentes
[2023-05-28T11:20:37.134] [WARN] warn - Ruta GET /profile inexistentes
[2023-05-28T11:20:37.153] [WARN] warn - Ruta GET /favicon.ico inexistentes
[2023-05-28T11:20:38.338] [WARN] warn - Ruta GET /profile inexistentes
[2023-05-28T11:20:38.363] [WARN] warn - Ruta GET /favicon.ico inexistentes
[2023-05-28T11:21:07.680] [WARN] warn - Ruta GET /profile inexistentes
[2023-05-28T11:21:07.700] [WARN] warn - Ruta GET /favicon.ico inexistentes
[2023-05-28T11:22:41.367] [WARN] warn - Ruta GET /profile inexistentes
[2023-05-28T11:22:41.385] [WARN] warn - Ruta GET /favicon.ico inexistentes
[2023-05-28T11:25:02.446] [WARN] warn - Ruta GET /profile inexistentes
[2023-05-28T11:25:02.465] [WARN] warn - Ruta GET /favicon.ico inexistentes
[2023-05-28T11:25:34.637] [WARN] warn - Ruta GET /profile inexistentes
[2023-05-28T11:25:34.655] [WARN] warn - Ruta GET /favicon.ico inexistentes
[2023-05-28T11:25:51.670] [WARN] warn - Ruta GET /profile inexistentes
[2023-05-28T11:25:51.694] [WARN] warn - Ruta GET /favicon.ico inexistentes
[2023-05-28T11:26:05.365] [WARN] warn - Ruta GET /profile inexistentes
[2023-05-28T11:26:05.387] [WARN] warn - Ruta GET /favicon.ico inexistentes
[2023-05-28T11:30:06.344] [WARN] warn - Ruta GET /profile inexistentes
[2023-05-28T11:30:06.495] [WARN] warn - Ruta GET /favicon.ico inexistentes
[2023-05-28T11:30:26.596] [WARN] warn - Ruta GET /profile inexistentes
[2023-05-28T11:30:26.614] [WARN] warn - Ruta GET /favicon.ico inexistentes
[2023-05-28T11:31:00.377] [WARN] warn - Ruta GET /profile inexistentes
[2023-05-28T11:31:00.399] [WARN] warn - Ruta GET /favicon.ico inexistentes
[2023-05-28T11:33:44.085] [WARN] warn - Ruta GET /profile inexistentes
[2023-05-28T11:33:44.108] [WARN] warn - Ruta GET /favicon.ico inexistentes
[2023-05-28T11:33:52.727] [WARN] warn - Ruta GET /profile inexistentes
[2023-05-28T11:33:52.748] [WARN] warn - Ruta GET /favicon.ico inexistentes
[2023-05-28T11:34:00.608] [WARN] warn - Ruta GET /profile inexistentes
[2023-05-28T11:34:00.628] [WARN] warn - Ruta GET /favicon.ico inexistentes
[2023-05-28T11:34:13.237] [WARN] warn - Ruta GET /profile inexistentes
[2023-05-28T11:34:13.256] [WARN] warn - Ruta GET /favicon.ico inexistentes
[2023-05-28T11:34:24.528] [WARN] warn - Ruta GET /profile inexistentes
[2023-05-28T11:34:24.547] [WARN] warn - Ruta GET /favicon.ico inexistentes
[2023-05-28T11:34:36.223] [WARN] warn - Ruta GET /profile inexistentes
[2023-05-28T11:34:36.241] [WARN] warn - Ruta GET /favicon.ico inexistentes
[2023-05-28T11:34:37.184] [WARN] warn - Ruta GET /profile inexistentes
[2023-05-28T11:34:37.203] [WARN] warn - Ruta GET /favicon.ico inexistentes
[2023-05-28T11:35:07.391] [WARN] warn - Ruta GET /profile inexistentes
[2023-05-28T11:35:07.413] [WARN] warn - Ruta GET /favicon.ico inexistentes
[2023-05-28T11:35:07.921] [WARN] warn - Ruta GET /profile inexistentes
[2023-05-28T11:35:07.937] [WARN] warn - Ruta GET /favicon.ico inexistentes
[2023-05-28T11:35:34.496] [WARN] warn - Ruta GET /profile inexistentes
[2023-05-28T11:35:34.514] [WARN] warn - Ruta GET /favicon.ico inexistentes
[2023-05-28T11:36:42.410] [WARN] warn - Ruta GET /profile inexistentes
[2023-05-28T11:36:42.429] [WARN] warn - Ruta GET /favicon.ico inexistentes
[2023-05-28T11:37:27.095] [WARN] warn - Ruta GET /profile inexistentes
[2023-05-28T11:37:27.115] [WARN] warn - Ruta GET /favicon.ico inexistentes
[2023-05-28T11:38:13.299] [WARN] warn - Ruta GET /profile inexistentes
[2023-05-28T11:38:13.318] [WARN] warn - Ruta GET /favicon.ico inexistentes
[2023-05-28T11:38:14.623] [WARN] warn - Ruta GET /profile inexistentes
[2023-05-28T11:38:14.643] [WARN] warn - Ruta GET /favicon.ico inexistentes
[2023-05-28T11:42:30.456] [WARN] warn - Ruta GET /profile inexistentes
[2023-05-28T11:42:30.479] [WARN] warn - Ruta GET /favicon.ico inexistentes
[2023-05-28T11:49:19.974] [WARN] warn - Ruta GET /profile inexistentes
[2023-05-28T11:49:19.990] [WARN] warn - Ruta GET /favicon.ico inexistentes
[2023-05-28T11:50:19.273] [WARN] warn - Ruta GET /profile inexistentes
[2023-05-28T11:50:19.293] [WARN] warn - Ruta GET /favicon.ico inexistentes
[2023-05-28T11:51:05.200] [WARN] warn - Ruta GET /profile inexistentes
[2023-05-28T11:51:05.218] [WARN] warn - Ruta GET /favicon.ico inexistentes
[2023-05-28T11:51:20.397] [WARN] warn - Ruta GET /profile inexistentes
[2023-05-28T11:51:20.417] [WARN] warn - Ruta GET /favicon.ico inexistentes
[2023-05-28T11:54:48.108] [WARN] warn - Ruta GET /profile inexistentes
[2023-05-28T11:54:48.125] [WARN] warn - Ruta GET /favicon.ico inexistentes
[2023-05-28T11:56:02.614] [WARN] warn - Ruta GET /profile inexistentes
[2023-05-28T11:56:02.631] [WARN] warn - Ruta GET /favicon.ico inexistentes
[2023-05-28T11:56:38.583] [WARN] warn - Ruta GET /profile inexistentes
[2023-05-28T11:56:38.603] [WARN] warn - Ruta GET /favicon.ico inexistentes
[2023-05-28T11:56:47.487] [WARN] warn - Ruta GET /profile inexistentes
[2023-05-28T11:56:47.506] [WARN] warn - Ruta GET /favicon.ico inexistentes
[2023-05-28T11:56:57.727] [WARN] warn - Ruta GET /profile inexistentes
[2023-05-28T11:56:57.747] [WARN] warn - Ruta GET /favicon.ico inexistentes
[2023-05-28T11:57:07.306] [WARN] warn - Ruta GET /profile inexistentes
[2023-05-28T11:57:07.328] [WARN] warn - Ruta GET /favicon.ico inexistentes
[2023-05-28T11:57:18.958] [WARN] warn - Ruta GET /profile inexistentes
[2023-05-28T11:57:18.977] [WARN] warn - Ruta GET /favicon.ico inexistentes
[2023-05-28T11:57:24.504] [WARN] warn - Ruta GET /profile inexistentes
[2023-05-28T11:57:24.523] [WARN] warn - Ruta GET /favicon.ico inexistentes
[2023-05-28T11:57:36.384] [WARN] warn - Ruta GET /profile inexistentes
[2023-05-28T11:57:36.410] [WARN] warn - Ruta GET /favicon.ico inexistentes
[2023-05-28T11:57:47.901] [WARN] warn - Ruta GET /profile inexistentes
[2023-05-28T11:57:47.919] [WARN] warn - Ruta GET /favicon.ico inexistentes
[2023-05-28T11:57:53.747] [WARN] warn - Ruta GET /profile inexistentes
[2023-05-28T11:57:53.767] [WARN] warn - Ruta GET /favicon.ico inexistentes
[2023-05-28T11:58:12.244] [WARN] warn - Ruta GET /profile inexistentes
[2023-05-28T11:58:12.266] [WARN] warn - Ruta GET /favicon.ico inexistentes
[2023-05-28T13:38:40.351] [WARN] warn - Ruta GET /profile inexistentes
[2023-05-28T13:38:40.356] [WARN] warn - Ruta GET /profile inexistentes
[2023-05-28T13:38:44.983] [WARN] warn - Ruta GET /profile inexistentes
[2023-05-28T13:38:46.685] [WARN] warn - Ruta GET /profile inexistentes
[2023-05-28T13:40:53.057] [WARN] warn - Ruta GET /profile inexistentes
[2023-05-28T13:41:54.397] [WARN] warn - Ruta GET /profile inexistentes
[2023-05-28T13:41:58.255] [WARN] warn - Ruta GET /profile inexistentes
[2023-05-28T13:43:31.577] [WARN] warn - Ruta GET /profile inexistentes
[2023-05-28T13:43:36.928] [WARN] warn - Ruta GET /profile inexistentes
[2023-05-28T13:48:18.733] [WARN] warn - Ruta GET /profile inexistentes
[2023-05-28T13:50:12.696] [WARN] warn - Ruta GET /profile inexistentes
[2023-05-28T13:52:37.943] [WARN] warn - Ruta GET /profile inexistentes
[2023-05-28T13:55:32.657] [WARN] warn - Ruta GET /profile inexistentes
[2023-05-28T13:58:02.013] [WARN] warn - Ruta GET /profile inexistentes
[2023-05-28T14:02:47.485] [WARN] warn - Ruta GET /profile inexistentes
[2023-05-28T14:05:56.002] [WARN] warn - Ruta GET /profile inexistentes
[2023-05-28T14:17:49.371] [WARN] warn - Ruta GET /chat inexistentes
[2023-05-28T14:17:49.404] [WARN] warn - Ruta GET /chat inexistentes
[2023-05-28T14:17:55.387] [WARN] warn - Ruta GET /chat inexistentes
[2023-05-28T14:17:55.411] [WARN] warn - Ruta GET /chat inexistentes
[2023-05-28T14:18:30.618] [WARN] warn - Ruta GET /chat inexistentes
[2023-05-28T14:18:30.643] [WARN] warn - Ruta GET /chat inexistentes
[2023-05-28T14:18:31.355] [WARN] warn - Ruta GET /chat inexistentes
[2023-05-28T14:18:31.377] [WARN] warn - Ruta GET /chat inexistentes
[2023-05-28T14:18:31.790] [WARN] warn - Ruta GET /chat inexistentes
[2023-05-28T14:18:31.809] [WARN] warn - Ruta GET /chat inexistentes
[2023-05-28T14:20:07.712] [WARN] warn - Ruta GET /chat inexistentes
[2023-05-28T14:20:07.746] [WARN] warn - Ruta GET /chat inexistentes
[2023-05-28T14:20:09.600] [WARN] warn - Ruta GET /chat inexistentes
[2023-05-28T14:20:09.617] [WARN] warn - Ruta GET /chat inexistentes
[2023-05-28T14:21:55.863] [WARN] warn - Ruta GET /profile inexistentes
[2023-05-28T14:25:40.079] [WARN] warn - Ruta GET /profile inexistentes
[2023-05-28T14:27:05.414] [WARN] warn - Ruta GET /profile inexistentes
[2023-05-28T14:30:27.482] [WARN] warn - Ruta GET /profile inexistentes
[2023-05-28T14:30:31.699] [WARN] warn - Ruta GET /profile inexistentes
[2023-05-28T14:32:05.926] [WARN] warn - Ruta GET /profile inexistentes
[2023-05-28T14:32:10.734] [WARN] warn - Ruta GET /profile inexistentes
[2023-05-28T14:34:33.026] [WARN] warn - Ruta GET /profile inexistentes
[2023-05-28T14:35:40.531] [WARN] warn - Ruta GET /profile inexistentes
[2023-05-28T15:20:00.790] [WARN] warn - Ruta GET /chat inexistentes
[2023-05-28T15:20:00.971] [WARN] warn - Ruta GET /chat inexistentes
[2023-05-28T15:37:51.829] [WARN] warn - Ruta GET /chat inexistentes
[2023-05-28T15:37:51.859] [WARN] warn - Ruta GET /chat inexistentes
[2023-05-28T16:03:15.379] [WARN] warn - Ruta GET /socket.io/socket.io.js inexistentes
[2023-05-28T16:03:15.393] [WARN] warn - Ruta GET /profile inexistentes
[2023-05-28T16:03:17.141] [WARN] warn - Ruta GET /socket.io/socket.io.js inexistentes
[2023-05-28T16:03:17.150] [WARN] warn - Ruta GET /profile inexistentes
[2023-05-28T16:03:20.888] [WARN] warn - Ruta GET /socket.io/socket.io.js inexistentes
[2023-05-28T16:03:20.905] [WARN] warn - Ruta GET /profile inexistentes
[2023-05-28T16:03:20.921] [WARN] warn - Ruta GET /profile inexistentes
[2023-05-28T16:03:45.281] [WARN] warn - Ruta GET /socket.io/socket.io.js inexistentes
[2023-05-28T16:03:45.297] [WARN] warn - Ruta GET /profile inexistentes
[2023-05-28T16:03:45.304] [WARN] warn - Ruta GET /profile inexistentes
[2023-05-28T16:04:10.770] [WARN] warn - Ruta GET /socket.io/socket.io.js inexistentes
[2023-05-28T16:04:10.779] [WARN] warn - Ruta GET /profile inexistentes
[2023-05-28T16:04:20.416] [WARN] warn - Ruta GET /socket.io/socket.io.js inexistentes
[2023-05-28T16:04:20.425] [WARN] warn - Ruta GET /profile inexistentes
[2023-05-28T16:04:24.719] [WARN] warn - Ruta GET /socket.io/socket.io.js inexistentes
[2023-05-28T16:04:24.736] [WARN] warn - Ruta GET /profile inexistentes
[2023-05-28T16:04:26.502] [WARN] warn - Ruta GET /socket.io/socket.io.js inexistentes
[2023-05-28T16:04:26.510] [WARN] warn - Ruta GET /profile inexistentes
[2023-05-28T16:04:30.554] [WARN] warn - Ruta GET /socket.io/socket.io.js inexistentes
[2023-05-28T16:04:30.566] [WARN] warn - Ruta GET /profile inexistentes
[2023-05-28T16:06:20.618] [WARN] warn - Ruta GET /socket.io/socket.io.js inexistentes
[2023-05-28T16:06:20.630] [WARN] warn - Ruta GET /profile inexistentes
[2023-05-28T16:06:22.714] [WARN] warn - Ruta GET /socket.io/socket.io.js inexistentes
[2023-05-28T16:06:22.725] [WARN] warn - Ruta GET /profile inexistentes
[2023-05-28T16:06:27.657] [WARN] warn - Ruta GET /socket.io/socket.io.js inexistentes
[2023-05-28T16:06:27.677] [WARN] warn - Ruta GET /profile inexistentes
[2023-05-28T16:06:29.008] [WARN] warn - Ruta GET /socket.io/socket.io.js inexistentes
[2023-05-28T16:06:29.020] [WARN] warn - Ruta GET /profile inexistentes
[2023-05-28T16:06:30.498] [WARN] warn - Ruta GET /socket.io/socket.io.js inexistentes
[2023-05-28T16:06:30.511] [WARN] warn - Ruta GET /profile inexistentes
[2023-05-28T16:06:31.566] [WARN] warn - Ruta GET /socket.io/socket.io.js inexistentes
[2023-05-28T16:06:31.574] [WARN] warn - Ruta GET /profile inexistentes
[2023-05-28T16:06:32.981] [WARN] warn - Ruta GET /socket.io/socket.io.js inexistentes
[2023-05-28T16:06:32.992] [WARN] warn - Ruta GET /profile inexistentes
[2023-05-28T16:06:34.045] [WARN] warn - Ruta GET /socket.io/socket.io.js inexistentes
[2023-05-28T16:06:34.056] [WARN] warn - Ruta GET /profile inexistentes
[2023-05-28T16:06:36.069] [WARN] warn - Ruta GET /socket.io/socket.io.js inexistentes
[2023-05-28T16:06:36.077] [WARN] warn - Ruta GET /profile inexistentes
[2023-05-28T16:06:37.171] [WARN] warn - Ruta GET /socket.io/socket.io.js inexistentes
[2023-05-28T16:06:37.177] [WARN] warn - Ruta GET /profile inexistentes
[2023-05-28T16:06:49.575] [WARN] warn - Ruta GET /socket.io/socket.io.js inexistentes
[2023-05-28T16:06:49.584] [WARN] warn - Ruta GET /profile inexistentes
[2023-05-28T16:06:50.959] [WARN] warn - Ruta GET /socket.io/socket.io.js inexistentes
[2023-05-28T16:06:50.965] [WARN] warn - Ruta GET /profile inexistentes
[2023-05-28T16:06:52.746] [WARN] warn - Ruta GET /socket.io/socket.io.js inexistentes
[2023-05-28T16:06:52.757] [WARN] warn - Ruta GET /profile inexistentes
[2023-05-28T16:06:53.512] [WARN] warn - Ruta GET /socket.io/socket.io.js inexistentes
[2023-05-28T16:06:53.526] [WARN] warn - Ruta GET /profile inexistentes
[2023-05-28T16:06:55.909] [WARN] warn - Ruta GET /socket.io/socket.io.js inexistentes
[2023-05-28T16:06:55.923] [WARN] warn - Ruta GET /profile inexistentes
[2023-05-28T16:06:56.416] [WARN] warn - Ruta GET /socket.io/socket.io.js inexistentes
[2023-05-28T16:06:56.433] [WARN] warn - Ruta GET /profile inexistentes
[2023-05-28T16:06:57.018] [WARN] warn - Ruta GET /socket.io/socket.io.js inexistentes
[2023-05-28T16:06:57.054] [WARN] warn - Ruta GET /profile inexistentes
[2023-05-28T16:06:57.509] [WARN] warn - Ruta GET /socket.io/socket.io.js inexistentes
[2023-05-28T16:06:57.521] [WARN] warn - Ruta GET /profile inexistentes
[2023-05-28T16:07:18.859] [WARN] warn - Ruta GET /socket.io/socket.io.js inexistentes
[2023-05-28T16:07:18.867] [WARN] warn - Ruta GET /profile inexistentes
[2023-05-28T16:07:20.246] [WARN] warn - Ruta GET /socket.io/socket.io.js inexistentes
[2023-05-28T16:07:20.257] [WARN] warn - Ruta GET /profile inexistentes
[2023-05-28T16:07:20.854] [WARN] warn - Ruta GET /socket.io/socket.io.js inexistentes
[2023-05-28T16:07:20.871] [WARN] warn - Ruta GET /profile inexistentes
[2023-05-28T16:07:21.519] [WARN] warn - Ruta GET /socket.io/socket.io.js inexistentes
[2023-05-28T16:07:21.533] [WARN] warn - Ruta GET /profile inexistentes
[2023-05-28T16:07:22.029] [WARN] warn - Ruta GET /socket.io/socket.io.js inexistentes
[2023-05-28T16:07:22.037] [WARN] warn - Ruta GET /profile inexistentes
[2023-05-28T16:07:22.498] [WARN] warn - Ruta GET /socket.io/socket.io.js inexistentes
[2023-05-28T16:07:22.511] [WARN] warn - Ruta GET /profile inexistentes
[2023-05-28T16:07:22.930] [WARN] warn - Ruta GET /socket.io/socket.io.js inexistentes
[2023-05-28T16:07:22.942] [WARN] warn - Ruta GET /profile inexistentes
[2023-05-28T16:07:23.352] [WARN] warn - Ruta GET /socket.io/socket.io.js inexistentes
[2023-05-28T16:07:23.361] [WARN] warn - Ruta GET /profile inexistentes
[2023-05-28T16:07:26.241] [WARN] warn - Ruta GET /socket.io/socket.io.js inexistentes
[2023-05-28T16:07:26.251] [WARN] warn - Ruta GET /profile inexistentes
[2023-05-28T16:07:27.407] [WARN] warn - Ruta GET /socket.io/socket.io.js inexistentes
[2023-05-28T16:07:27.424] [WARN] warn - Ruta GET /profile inexistentes
[2023-05-28T16:07:28.795] [WARN] warn - Ruta GET /socket.io/socket.io.js inexistentes
[2023-05-28T16:07:28.805] [WARN] warn - Ruta GET /profile inexistentes
[2023-05-28T16:07:28.812] [WARN] warn - Ruta GET /profile inexistentes
[2023-05-28T16:07:53.757] [WARN] warn - Ruta GET /socket.io/socket.io.js inexistentes
[2023-05-28T16:07:53.770] [WARN] warn - Ruta GET /profile inexistentes
[2023-05-28T16:07:57.510] [WARN] warn - Ruta GET /socket.io/socket.io.js inexistentes
[2023-05-28T16:07:57.524] [WARN] warn - Ruta GET /profile inexistentes
[2023-05-28T16:08:00.423] [WARN] warn - Ruta GET /socket.io/socket.io.js inexistentes
[2023-05-28T16:08:00.434] [WARN] warn - Ruta GET /profile inexistentes
[2023-05-28T16:08:01.152] [WARN] warn - Ruta GET /socket.io/socket.io.js inexistentes
[2023-05-28T16:08:01.167] [WARN] warn - Ruta GET /profile inexistentes
[2023-05-28T16:08:01.828] [WARN] warn - Ruta GET /socket.io/socket.io.js inexistentes
[2023-05-28T16:08:01.838] [WARN] warn - Ruta GET /profile inexistentes
[2023-05-28T16:08:25.942] [WARN] warn - Ruta GET /socket.io/socket.io.js inexistentes
[2023-05-28T16:08:25.950] [WARN] warn - Ruta GET /profile inexistentes
[2023-05-28T16:43:16.195] [WARN] warn - Ruta GET /chat inexistentes
[2023-05-28T16:43:16.381] [WARN] warn - Ruta GET /chat inexistentes
[2023-05-28T16:43:43.575] [WARN] warn - Ruta GET /chat inexistentes
[2023-05-28T16:43:43.597] [WARN] warn - Ruta GET /chat inexistentes
[2023-05-28T16:43:45.925] [WARN] warn - Ruta GET /products/morral inexistentes
[2023-05-28T16:43:45.947] [WARN] warn - Ruta GET /products/morral inexistentes
[2023-05-28T16:43:50.968] [WARN] warn - Ruta GET / inexistentes
[2023-05-28T16:43:50.990] [WARN] warn - Ruta GET / inexistentes
[2023-05-28T16:44:12.957] [WARN] warn - Ruta GET / inexistentes
[2023-05-28T16:44:12.979] [WARN] warn - Ruta GET / inexistentes
[2023-05-28T16:44:24.413] [WARN] warn - Ruta GET /signup inexistentes
[2023-05-28T16:44:24.456] [WARN] warn - Ruta GET /signup inexistentes
[2023-05-28T16:49:42.671] [WARN] warn - Ruta GET /public/index.js inexistentes
[2023-05-28T16:49:49.604] [WARN] warn - Ruta GET /public/index.js inexistentes
[2023-05-28T16:50:21.061] [WARN] warn - Ruta GET /public/index.js inexistentes
[2023-05-28T16:50:21.846] [WARN] warn - Ruta GET /public/index.js inexistentes
[2023-05-28T16:50:22.456] [WARN] warn - Ruta GET /public/index.js inexistentes
[2023-05-28T16:50:26.112] [WARN] warn - Ruta GET /public/index.js inexistentes
[2023-05-28T16:51:43.964] [WARN] warn - Ruta GET /public/index.js inexistentes
[2023-05-28T16:51:50.734] [WARN] warn - Ruta GET /public/index.js inexistentes
[2023-05-28T16:52:24.446] [WARN] warn - Ruta GET /public/index.js inexistentes
[2023-05-28T16:52:41.539] [WARN] warn - Ruta GET /public/index.js inexistentes
[2023-05-28T16:52:42.339] [WARN] warn - Ruta GET /public/index.js inexistentes
[2023-05-28T16:52:45.066] [WARN] warn - Ruta GET /public/index.js inexistentes
[2023-05-28T16:52:47.457] [WARN] warn - Ruta GET /public/index.js inexistentes
[2023-05-28T16:53:05.292] [WARN] warn - Ruta GET /public/index.js inexistentes
[2023-05-28T16:53:32.472] [WARN] warn - Ruta GET /public/index.js inexistentes
[2023-05-28T16:53:55.059] [WARN] warn - Ruta GET /public/index.js inexistentes
[2023-05-28T16:54:13.483] [WARN] warn - Ruta GET /public/index.js inexistentes
[2023-05-28T16:54:29.026] [WARN] warn - Ruta GET /public/index.js inexistentes
[2023-05-28T16:54:38.012] [WARN] warn - Ruta GET /public/index.js inexistentes
[2023-05-28T16:55:05.521] [WARN] warn - Ruta GET /public/index.js inexistentes
[2023-05-28T16:58:32.659] [WARN] warn - Ruta GET /profile inexistentes
[2023-05-28T16:58:32.670] [WARN] warn - Ruta GET /profile inexistentes
[2023-05-28T16:59:06.411] [WARN] warn - Ruta GET /profile inexistentes
[2023-05-28T16:59:51.806] [WARN] warn - Ruta GET /profile inexistentes
[2023-05-28T17:04:02.881] [WARN] warn - Ruta GET /socket.io/socket.io.js inexistentes
[2023-05-28T17:04:02.935] [WARN] warn - Ruta GET /profile inexistentes
[2023-05-28T17:04:08.169] [WARN] warn - Ruta GET /socket.io/socket.io.js inexistentes
[2023-05-28T17:04:08.199] [WARN] warn - Ruta GET /profile inexistentes
[2023-05-28T17:04:10.336] [WARN] warn - Ruta GET /socket.io/socket.io.js inexistentes
[2023-05-28T17:04:11.064] [WARN] warn - Ruta GET /socket.io/socket.io.js inexistentes
[2023-05-28T17:04:11.847] [WARN] warn - Ruta GET /socket.io/socket.io.js inexistentes
[2023-05-28T17:04:13.035] [WARN] warn - Ruta GET /socket.io/socket.io.js inexistentes
[2023-05-28T17:04:14.675] [WARN] warn - Ruta GET /socket.io/socket.io.js inexistentes
[2023-05-28T17:04:15.372] [WARN] warn - Ruta GET /socket.io/socket.io.js inexistentes
[2023-05-28T17:04:16.045] [WARN] warn - Ruta GET /socket.io/socket.io.js inexistentes
[2023-05-28T17:04:18.055] [WARN] warn - Ruta GET /socket.io/socket.io.js inexistentes
[2023-05-28T17:04:18.061] [WARN] warn - Ruta GET /profile inexistentes
[2023-05-28T17:04:18.717] [WARN] warn - Ruta GET /socket.io/socket.io.js inexistentes
[2023-05-28T17:04:19.178] [WARN] warn - Ruta GET /socket.io/socket.io.js inexistentes
[2023-05-28T17:04:19.622] [WARN] warn - Ruta GET /socket.io/socket.io.js inexistentes
[2023-05-28T17:04:20.176] [WARN] warn - Ruta GET /socket.io/socket.io.js inexistentes
[2023-05-28T19:28:06.616] [WARN] warn - Ruta GET /profile inexistentes
[2023-05-28T19:29:39.559] [WARN] warn - Ruta GET /profile inexistentes
[2023-05-28T19:29:47.126] [WARN] warn - Ruta GET /profile inexistentes
[2023-05-28T19:29:53.418] [WARN] warn - Ruta GET /profile inexistentes
[2023-05-28T19:30:09.071] [WARN] warn - Ruta GET /profile inexistentes
[2023-05-28T19:30:10.307] [WARN] warn - Ruta GET /profile inexistentes
[2023-05-28T19:32:14.178] [WARN] warn - Ruta GET /profile inexistentes
[2023-05-28T19:34:54.840] [WARN] warn - Ruta GET /profile inexistentes
[2023-05-28T20:01:41.863] [WARN] warn - Ruta GET /profile inexistentes
[2023-05-28T20:03:34.082] [WARN] warn - Ruta GET /profile inexistentes
[2023-05-28T20:07:41.877] [WARN] warn - Ruta GET /profile inexistentes
[2023-05-28T20:08:10.151] [WARN] warn - Ruta GET /profile inexistentes
[2023-05-28T20:08:11.764] [WARN] warn - Ruta GET /profile inexistentes
[2023-05-28T20:10:55.161] [WARN] warn - Ruta GET /profile inexistentes
[2023-05-28T20:11:04.818] [WARN] warn - Ruta GET /profile inexistentes
[2023-05-28T20:15:40.724] [WARN] warn - Ruta GET /profile inexistentes
[2023-05-28T20:16:05.006] [WARN] warn - Ruta GET /profile inexistentes
[2023-05-28T20:16:13.906] [WARN] warn - Ruta GET /profile inexistentes
[2023-05-28T20:16:29.535] [WARN] warn - Ruta GET /profile inexistentes
[2023-05-28T20:20:46.573] [WARN] warn - Ruta GET /profile inexistentes
[2023-05-28T20:21:05.031] [WARN] warn - Ruta GET /profile inexistentes
[2023-05-28T20:21:55.668] [WARN] warn - Ruta GET /profile inexistentes
[2023-05-28T20:23:34.349] [WARN] warn - Ruta GET /profile inexistentes
[2023-05-28T20:23:47.759] [WARN] warn - Ruta GET /profile inexistentes
[2023-05-28T20:25:12.427] [WARN] warn - Ruta GET /profile inexistentes
[2023-05-28T20:26:03.458] [WARN] warn - Ruta GET /profile inexistentes
[2023-05-28T20:26:34.177] [WARN] warn - Ruta GET /profile inexistentes
[2023-05-28T20:27:11.686] [WARN] warn - Ruta GET /profile inexistentes
[2023-05-28T20:36:52.869] [WARN] warn - Ruta GET /profile inexistentes
[2023-05-28T20:37:29.336] [WARN] warn - Ruta GET /profile inexistentes
[2023-05-28T20:38:15.029] [WARN] warn - Ruta GET /profile inexistentes
[2023-05-28T20:38:27.731] [WARN] warn - Ruta GET /profile inexistentes
[2023-05-28T20:38:55.137] [WARN] warn - Ruta GET /profile inexistentes
[2023-05-28T20:42:56.072] [WARN] warn - Ruta GET /profile inexistentes
[2023-05-28T20:52:58.799] [WARN] warn - Ruta GET /profile inexistentes
[2023-05-28T20:53:22.213] [WARN] warn - Ruta GET /profile inexistentes
[2023-05-28T20:54:52.370] [WARN] warn - Ruta GET /profile inexistentes
[2023-05-28T20:55:45.580] [WARN] warn - Ruta GET /profile inexistentes
[2023-05-28T20:56:16.575] [WARN] warn - Ruta GET /profile inexistentes
[2023-05-28T20:57:37.993] [WARN] warn - Ruta GET /profile inexistentes
[2023-05-28T20:57:38.720] [WARN] warn - Ruta GET /profile inexistentes
[2023-05-28T20:58:10.433] [WARN] warn - Ruta GET /profile inexistentes
[2023-05-28T20:58:27.922] [WARN] warn - Ruta GET /profile inexistentes
[2023-05-28T20:58:53.352] [WARN] warn - Ruta GET /profile inexistentes
[2023-05-28T20:59:05.916] [WARN] warn - Ruta GET /profile inexistentes
[2023-05-28T20:59:14.985] [WARN] warn - Ruta GET /profile inexistentes
[2023-05-28T23:18:23.374] [WARN] warn - Ruta GET /profile inexistentes
[2023-05-28T23:22:13.454] [WARN] warn - Ruta GET /profile inexistentes
[2023-05-28T23:22:13.460] [WARN] warn - Ruta GET /profile inexistentes
[2023-05-28T23:24:03.259] [WARN] warn - Ruta GET /profile inexistentes
[2023-05-28T23:24:03.266] [WARN] warn - Ruta GET /profile inexistentes
[2023-05-28T23:24:53.330] [WARN] warn - Ruta GET /profile inexistentes
[2023-05-28T23:24:53.339] [WARN] warn - Ruta GET /profile inexistentes
[2023-05-28T23:25:18.256] [WARN] warn - Ruta GET /profile inexistentes
[2023-05-28T23:25:18.266] [WARN] warn - Ruta GET /profile inexistentes
[2023-05-28T23:29:36.717] [WARN] warn - Ruta GET /profile inexistentes
[2023-05-28T23:29:36.726] [WARN] warn - Ruta GET /profile inexistentes
[2023-05-28T23:29:50.854] [WARN] warn - Ruta GET /profile inexistentes
[2023-05-28T23:29:50.861] [WARN] warn - Ruta GET /profile inexistentes
[2023-05-28T23:30:55.087] [WARN] warn - Ruta GET /profile inexistentes
[2023-05-28T23:30:55.096] [WARN] warn - Ruta GET /profile inexistentes
[2023-05-28T23:32:08.322] [WARN] warn - Ruta GET /profile inexistentes
[2023-05-28T23:32:43.964] [WARN] warn - Ruta GET /profile inexistentes
[2023-05-28T23:37:59.680] [WARN] warn - Ruta GET /profile inexistentes
[2023-05-28T23:41:55.695] [WARN] warn - Ruta GET /profile inexistentes
[2023-05-28T23:42:53.445] [WARN] warn - Ruta GET /profile inexistentes
[2023-05-29T19:44:41.107] [WARN] warn - Ruta GET /favicon.ico inexistentes
[2023-05-29T19:44:44.207] [WARN] warn - Ruta GET /favicon.ico inexistentes
[2023-05-29T19:44:51.375] [WARN] warn - Ruta GET /favicon.ico inexistentes
[2023-05-29T19:45:18.182] [WARN] warn - Ruta GET /favicon.ico inexistentes
[2023-05-29T19:45:19.196] [WARN] warn - Ruta GET /favicon.ico inexistentes
[2023-05-29T19:45:20.045] [WARN] warn - Ruta GET /favicon.ico inexistentes
[2023-05-29T20:07:06.689] [WARN] warn - Ruta GET /favicon.ico inexistentes
[2023-05-29T20:07:12.144] [WARN] warn - Ruta GET /profile inexistentes
[2023-05-29T20:14:31.998] [WARN] warn - Ruta GET /profile inexistentes
[2023-05-29T20:14:32.023] [WARN] warn - Ruta GET /favicon.ico inexistentes
[2023-05-29T20:25:36.977] [WARN] warn - Ruta GET /profile inexistentes
[2023-05-29T20:25:37.000] [WARN] warn - Ruta GET /favicon.ico inexistentes
[2023-05-29T20:27:09.042] [WARN] warn - Ruta GET /profile inexistentes
[2023-05-29T20:27:09.072] [WARN] warn - Ruta GET /favicon.ico inexistentes
[2023-05-29T20:52:22.549] [WARN] warn - Ruta GET /profile inexistentes
[2023-05-29T20:52:22.693] [WARN] warn - Ruta GET /favicon.ico inexistentes
[2023-05-29T21:34:46.258] [WARN] warn - Ruta GET /profile inexistentes
[2023-05-29T21:34:46.287] [WARN] warn - Ruta GET /favicon.ico inexistentes
[2023-05-29T21:58:16.327] [WARN] warn - Ruta GET /profile inexistentes
[2023-05-29T21:58:16.361] [WARN] warn - Ruta GET /favicon.ico inexistentes
[2023-05-29T21:58:16.510] [WARN] warn - Ruta GET /profile inexistentes
[2023-05-29T21:58:16.531] [WARN] warn - Ruta GET /favicon.ico inexistentes
[2023-05-31T23:02:09.664] [WARN] warn - Ruta GET /favicon.ico inexistentes
[2023-05-31T23:02:12.186] [WARN] warn - Ruta GET /favicon.ico inexistentes
[2023-05-31T23:02:18.466] [WARN] warn - Ruta GET /favicon.ico inexistentes
[2023-05-31T23:05:22.249] [WARN] warn - Ruta GET /favicon.ico inexistentes
[2023-05-31T23:06:04.271] [WARN] warn - Ruta GET /favicon.ico inexistentes
[2023-05-31T23:06:10.070] [WARN] warn - Ruta GET /favicon.ico inexistentes
[2023-05-31T23:06:11.693] [WARN] warn - Ruta GET /favicon.ico inexistentes
[2023-05-31T23:08:23.655] [WARN] warn - Ruta GET /favicon.ico inexistentes
[2023-05-31T23:08:29.342] [WARN] warn - Ruta GET /favicon.ico inexistentes
[2023-05-31T23:08:30.764] [WARN] warn - Ruta GET /favicon.ico inexistentes
[2023-06-01T00:21:41.935] [WARN] warn - Ruta GET /favicon.ico inexistentes
[2023-06-01T00:21:44.510] [WARN] warn - Ruta GET /favicon.ico inexistentes
[2023-06-01T00:21:58.710] [WARN] warn - Ruta GET /favicon.ico inexistentes
[2023-06-01T00:22:02.052] [WARN] warn - Ruta GET /favicon.ico inexistentes
[2023-06-01T00:22:03.397] [WARN] warn - Ruta GET /favicon.ico inexistentes
[2023-06-01T00:22:04.587] [WARN] warn - Ruta GET /favicon.ico inexistentes
[2023-06-01T00:22:05.750] [WARN] warn - Ruta GET /favicon.ico inexistentes
[2023-06-01T00:22:07.575] [WARN] warn - Ruta GET /favicon.ico inexistentes
[2023-06-01T00:22:09.421] [WARN] warn - Ruta GET /favicon.ico inexistentes
[2023-06-01T01:06:41.873] [WARN] warn - Ruta GET /favicon.ico inexistentes
[2023-06-01T01:06:43.838] [WARN] warn - Ruta GET /favicon.ico inexistentes
[2023-06-01T01:06:55.238] [WARN] warn - Ruta GET /favicon.ico inexistentes
[2023-06-01T01:06:59.500] [WARN] warn - Ruta GET /favicon.ico inexistentes
[2023-06-01T01:07:00.841] [WARN] warn - Ruta GET /favicon.ico inexistentes
[2023-06-01T01:07:01.809] [WARN] warn - Ruta GET /favicon.ico inexistentes
[2023-06-01T01:07:03.417] [WARN] warn - Ruta GET /favicon.ico inexistentes
[2023-06-01T01:07:05.788] [WARN] warn - Ruta GET /favicon.ico inexistentes
